{"C:\\Users\\ernest\\OneDrive\\Documents\\Projects\\online\\Module 2\\test-practice\\calculator.js": {"path":"C:\\Users\\ernest\\OneDrive\\Documents\\Projects\\online\\Module 2\\test-practice\\calculator.js","statementMap":{"0":{"start":{"line":3,"column":6},"end":{"line":3,"column":19}},"1":{"start":{"line":7,"column":6},"end":{"line":7,"column":19}},"2":{"start":{"line":11,"column":6},"end":{"line":11,"column":19}},"3":{"start":{"line":15,"column":6},"end":{"line":17,"column":7}},"4":{"start":{"line":16,"column":8},"end":{"line":16,"column":45}},"5":{"start":{"line":18,"column":6},"end":{"line":18,"column":19}},"6":{"start":{"line":22,"column":2},"end":{"line":22,"column":30}}},"fnMap":{"0":{"name":"(anonymous_0)","decl":{"start":{"line":2,"column":4},"end":{"line":2,"column":5}},"loc":{"start":{"line":2,"column":14},"end":{"line":4,"column":5}},"line":2},"1":{"name":"(anonymous_1)","decl":{"start":{"line":6,"column":4},"end":{"line":6,"column":5}},"loc":{"start":{"line":6,"column":19},"end":{"line":8,"column":5}},"line":6},"2":{"name":"(anonymous_2)","decl":{"start":{"line":10,"column":4},"end":{"line":10,"column":5}},"loc":{"start":{"line":10,"column":19},"end":{"line":12,"column":5}},"line":10},"3":{"name":"(anonymous_3)","decl":{"start":{"line":14,"column":4},"end":{"line":14,"column":5}},"loc":{"start":{"line":14,"column":17},"end":{"line":19,"column":5}},"line":14}},"branchMap":{"0":{"loc":{"start":{"line":15,"column":6},"end":{"line":17,"column":7}},"type":"if","locations":[{"start":{"line":15,"column":6},"end":{"line":17,"column":7}},{"start":{},"end":{}}],"line":15}},"s":{"0":3,"1":3,"2":3,"3":3,"4":1,"5":2,"6":1},"f":{"0":3,"1":3,"2":3,"3":3},"b":{"0":[1,2]},"_coverageSchema":"1a1c01bbd47fc00a2c39e90264f33305004495a9","hash":"65336baa02b4722b67fbedc201960186a47f0d2a"}
,"C:\\Users\\ernest\\OneDrive\\Documents\\Projects\\online\\Module 2\\test-practice\\capitalize.js": {"path":"C:\\Users\\ernest\\OneDrive\\Documents\\Projects\\online\\Module 2\\test-practice\\capitalize.js","statementMap":{"0":{"start":{"line":1,"column":0},"end":{"line":3,"column":1}},"1":{"start":{"line":2,"column":3},"end":{"line":2,"column":59}}},"fnMap":{"0":{"name":"word","decl":{"start":{"line":1,"column":26},"end":{"line":1,"column":30}},"loc":{"start":{"line":1,"column":39},"end":{"line":3,"column":1}},"line":1}},"branchMap":{},"s":{"0":1,"1":1},"f":{"0":1},"b":{},"_coverageSchema":"1a1c01bbd47fc00a2c39e90264f33305004495a9","hash":"f2a77d12848c88fd4930d4e7e6b034d15918c9c7"}
,"C:\\Users\\ernest\\OneDrive\\Documents\\Projects\\online\\Module 2\\test-practice\\index.js": {"path":"C:\\Users\\ernest\\OneDrive\\Documents\\Projects\\online\\Module 2\\test-practice\\index.js","statementMap":{"0":{"start":{"line":2,"column":4},"end":{"line":8,"column":5}},"1":{"start":{"line":3,"column":6},"end":{"line":3,"column":67}},"2":{"start":{"line":4,"column":10},"end":{"line":8,"column":5}},"3":{"start":{"line":5,"column":6},"end":{"line":5,"column":71}},"4":{"start":{"line":7,"column":8},"end":{"line":7,"column":29}},"5":{"start":{"line":11,"column":2},"end":{"line":11,"column":32}}},"fnMap":{"0":{"name":"stringLength","decl":{"start":{"line":1,"column":9},"end":{"line":1,"column":21}},"loc":{"start":{"line":1,"column":30},"end":{"line":9,"column":3}},"line":1}},"branchMap":{"0":{"loc":{"start":{"line":2,"column":4},"end":{"line":8,"column":5}},"type":"if","locations":[{"start":{"line":2,"column":4},"end":{"line":8,"column":5}},{"start":{"line":4,"column":10},"end":{"line":8,"column":5}}],"line":2},"1":{"loc":{"start":{"line":4,"column":10},"end":{"line":8,"column":5}},"type":"if","locations":[{"start":{"line":4,"column":10},"end":{"line":8,"column":5}},{"start":{"line":6,"column":10},"end":{"line":8,"column":5}}],"line":4}},"s":{"0":4,"1":1,"2":3,"3":1,"4":2,"5":1},"f":{"0":4},"b":{"0":[1,3],"1":[1,2]},"_coverageSchema":"1a1c01bbd47fc00a2c39e90264f33305004495a9","hash":"ecf845f9c47b2c272fb335eda3f3f27fa366b0f4"}
,"C:\\Users\\ernest\\OneDrive\\Documents\\Projects\\online\\Module 2\\test-practice\\reverse.js": {"path":"C:\\Users\\ernest\\OneDrive\\Documents\\Projects\\online\\Module 2\\test-practice\\reverse.js","statementMap":{"0":{"start":{"line":2,"column":3},"end":{"line":2,"column":46}},"1":{"start":{"line":5,"column":0},"end":{"line":5,"column":31}}},"fnMap":{"0":{"name":"reverseString","decl":{"start":{"line":1,"column":9},"end":{"line":1,"column":22}},"loc":{"start":{"line":1,"column":31},"end":{"line":3,"column":1}},"line":1}},"branchMap":{},"s":{"0":1,"1":1},"f":{"0":1},"b":{},"_coverageSchema":"1a1c01bbd47fc00a2c39e90264f33305004495a9","hash":"71baebababcb2a3b0c08297542d5117890ce7882"}
}
