TN:
SF:calculator.js
FN:2,(anonymous_0)
FN:6,(anonymous_1)
FN:10,(anonymous_2)
FN:14,(anonymous_3)
FNF:4
FNH:4
FNDA:3,(anonymous_0)
FNDA:3,(anonymous_1)
FNDA:3,(anonymous_2)
FNDA:3,(anonymous_3)
DA:3,3
DA:7,3
DA:11,3
DA:15,3
DA:16,1
DA:18,2
DA:22,1
LF:7
LH:7
BRDA:15,0,0,1
BRDA:15,0,1,2
BRF:2
BRH:2
end_of_record
TN:
SF:capitalize.js
FN:1,word
FNF:1
FNH:1
FNDA:1,word
DA:1,1
DA:2,1
LF:2
LH:2
BRF:0
BRH:0
end_of_record
TN:
SF:index.js
FN:1,stringLength
FNF:1
FNH:1
FNDA:4,stringLength
DA:2,4
DA:3,1
DA:4,3
DA:5,1
DA:7,2
DA:11,1
LF:6
LH:6
BRDA:2,0,0,1
BRDA:2,0,1,3
BRDA:4,1,0,1
BRDA:4,1,1,2
BRF:4
BRH:4
end_of_record
TN:
SF:reverse.js
FN:1,reverseString
FNF:1
FNH:1
FNDA:1,reverseString
DA:2,1
DA:5,1
LF:2
LH:2
BRF:0
BRH:0
end_of_record
